-------------------------------------------------------contractAddressHex[0xa3AEe8BcE55BEeA1951EF834b99f3Ac60d1ABeeB] TokenID[6656]  
------- tokenuri uri [https://erc721.veefriends.com/api/metadata/0xa3aee8bce55beea1951ef834b99f3ac60d1abeeb/6656]
-------tokenuri before : https://erc721.veefriends.com/api/metadata/0xa3aee8bce55beea1951ef834b99f3ac60d1abeeb/6656
-------tokenuri after  https://erc721.veefriends.com/api/metadata/0xa3aee8bce55beea1951ef834b99f3ac60d1abeeb/6656
start download image uri : https://cdn.veefriends.com/f6pXbdBrDkgJjmSV-_XTrDCsS97-QXp2H6Yu0fLSCB0/1891.png , fileName : ./Images/VFT_6656.png 
-------------------------------------------------------contractAddressHex[0xa7d8d9ef8D8Ce8992Df33D8b8CF4Aebabd5bD270] TokenID[163000823]  
------- tokenuri uri [https://api.artblocks.io/token/163000823]
-------tokenuri before : https://api.artblocks.io/token/163000823
-------tokenuri after  https://api.artblocks.io/token/163000823
start download image uri : https://media.artblocks.io/163000823.png , fileName : ./Images/BLOCKS_163000823.png 
-------------------------------------------------------contractAddressHex[0xa3AEe8BcE55BEeA1951EF834b99f3Ac60d1ABeeB] TokenID[6656]  
------- tokenuri uri [https://erc721.veefriends.com/api/metadata/0xa3aee8bce55beea1951ef834b99f3ac60d1abeeb/6656]
-------tokenuri before : https://erc721.veefriends.com/api/metadata/0xa3aee8bce55beea1951ef834b99f3ac60d1abeeb/6656
-------tokenuri after  https://erc721.veefriends.com/api/metadata/0xa3aee8bce55beea1951ef834b99f3ac60d1abeeb/6656
start download image uri : https://cdn.veefriends.com/f6pXbdBrDkgJjmSV-_XTrDCsS97-QXp2H6Yu0fLSCB0/1891.png , fileName : ./Images/VFT_6656.png 
-------------------------------------------------------contractAddressHex[0xa7d8d9ef8D8Ce8992Df33D8b8CF4Aebabd5bD270] TokenID[163000823]  
------- tokenuri uri [https://api.artblocks.io/token/163000823]
-------tokenuri before : https://api.artblocks.io/token/163000823
-------tokenuri after  https://api.artblocks.io/token/163000823
start download image uri : https://media.artblocks.io/163000823.png , fileName : ./Images/BLOCKS_163000823.png 
-------------------------------------------------------contractAddressHex[0xBC4CA0EdA7647A8aB7C2061c2E118A18a936f13D] TokenID[4162]  
------- tokenuri uri [ipfs://QmeSjSinHpPnmXmspMjwiXyN6zS4E9zccariGR3jxcaWtq/4162]
-------tokenuri before : ipfs://QmeSjSinHpPnmXmspMjwiXyN6zS4E9zccariGR3jxcaWtq/4162
-------tokenuri after  https://ipfs.io/ipfs/QmeSjSinHpPnmXmspMjwiXyN6zS4E9zccariGR3jxcaWtq/4162
------ipfs image url!! Tokenuri[ipfs://QmeSjSinHpPnmXmspMjwiXyN6zS4E9zccariGR3jxcaWtq/4162] FileName[./Images/BAYC_4162.png] ,  ImageURL[https://ipfs.io/ipfs/QmZdYmTu7rQzPtmek7QBLtrWPwGjGkbePHoURfb9A5cx3u]
 
-------------------------------------------------------contractAddressHex[0xa7d8d9ef8D8Ce8992Df33D8b8CF4Aebabd5bD270] TokenID[163000945]  
------- tokenuri uri [https://api.artblocks.io/token/163000945]
-------tokenuri before : https://api.artblocks.io/token/163000945
-------tokenuri after  https://api.artblocks.io/token/163000945
start download image uri : https://media.artblocks.io/163000945.png , fileName : ./Images/BLOCKS_163000945.png 
-------------------------------------------------------contractAddressHex[0x6E5a65B5f9Dd7b1b08Ff212E210DCd642DE0db8B] TokenID[525]  
------- tokenuri uri [https://ipfs.io/ipfs/Qmdt4jStoUPcbSFjBB1ZVLTtUL3uL33EzDkFeHX8TxnD1e/525]
-------tokenuri before : https://ipfs.io/ipfs/Qmdt4jStoUPcbSFjBB1ZVLTtUL3uL33EzDkFeHX8TxnD1e/525
-------tokenuri after  https://ipfs.io/ipfs/Qmdt4jStoUPcbSFjBB1ZVLTtUL3uL33EzDkFeHX8TxnD1e/525
------ipfs image url!! Tokenuri[https://ipfs.io/ipfs/Qmdt4jStoUPcbSFjBB1ZVLTtUL3uL33EzDkFeHX8TxnD1e/525] FileName[./Images/Octo_525.png] ,  ImageURL[https://ipfs.io/ipfs/QmUyjX1SBLkuoLQT6VGc4PUX1P4h5WMte64iGfWXzofAuD/526.png]
 
-------------------------------------------------------contractAddressHex[0xba30E5F9Bb24caa003E9f2f0497Ad287FDF95623] TokenID[8273]  
------- tokenuri uri [ipfs://QmTDcCdt3yb6mZitzWBmQr65AW6Wska295Dg9nbEYpSUDR/8273]
-------tokenuri before : ipfs://QmTDcCdt3yb6mZitzWBmQr65AW6Wska295Dg9nbEYpSUDR/8273
-------tokenuri after  https://ipfs.io/ipfs/QmTDcCdt3yb6mZitzWBmQr65AW6Wska295Dg9nbEYpSUDR/8273
------ipfs image url!! Tokenuri[ipfs://QmTDcCdt3yb6mZitzWBmQr65AW6Wska295Dg9nbEYpSUDR/8273] FileName[./Images/BAKC_8273.png] ,  ImageURL[https://ipfs.io/ipfs/QmV5x177dQQErmL7yeMDGbKgHkVHc4ARrUDiPGsNkkqo1s]
 
-------------------------------------------------------contractAddressHex[0xa7d8d9ef8D8Ce8992Df33D8b8CF4Aebabd5bD270] TokenID[163000395]  
------- tokenuri uri [https://api.artblocks.io/token/163000395]
-------tokenuri before : https://api.artblocks.io/token/163000395
-------tokenuri after  https://api.artblocks.io/token/163000395
start download image uri : https://media.artblocks.io/163000395.png , fileName : ./Images/BLOCKS_163000395.png 
